Determining if the pthread_create exist failed with the following output:
Change Dir: /home/legged/Legged/catkin_ws/build/CMakeFiles/CMakeTmp

Run Build Command:/usr/bin/make "cmTryCompileExec1551079223/fast"
/usr/bin/make -f CMakeFiles/cmTryCompileExec1551079223.dir/build.make CMakeFiles/cmTryCompileExec1551079223.dir/build
make[1]: Entering directory `/home/legged/Legged/catkin_ws/build/CMakeFiles/CMakeTmp'
/usr/bin/cmake -E cmake_progress_report /home/legged/Legged/catkin_ws/build/CMakeFiles/CMakeTmp/CMakeFiles 1
Building C object CMakeFiles/cmTryCompileExec1551079223.dir/CheckSymbolExists.c.o
/usr/bin/cc    -o CMakeFiles/cmTryCompileExec1551079223.dir/CheckSymbolExists.c.o   -c /home/legged/Legged/catkin_ws/build/CMakeFiles/CMakeTmp/CheckSymbolExists.c
Linking C executable cmTryCompileExec1551079223
/usr/bin/cmake -E cmake_link_script CMakeFiles/cmTryCompileExec1551079223.dir/link.txt --verbose=1
/usr/bin/cc       CMakeFiles/cmTryCompileExec1551079223.dir/CheckSymbolExists.c.o  -o cmTryCompileExec1551079223 -rdynamic 
CMakeFiles/cmTryCompileExec1551079223.dir/CheckSymbolExists.c.o: In function `main':
CheckSymbolExists.c:(.text+0xa): undefined reference to `pthread_create'
collect2: error: ld returned 1 exit status
make[1]: *** [cmTryCompileExec1551079223] Error 1
make[1]: Leaving directory `/home/legged/Legged/catkin_ws/build/CMakeFiles/CMakeTmp'
make: *** [cmTryCompileExec1551079223/fast] Error 2

File /home/legged/Legged/catkin_ws/build/CMakeFiles/CMakeTmp/CheckSymbolExists.c:
/* */
#include <pthread.h>

int main(int argc, char** argv)
{
  (void)argv;
#ifndef pthread_create
  return ((int*)(&pthread_create))[argc];
#else
  (void)argc;
  return 0;
#endif
}

Determining if the function pthread_create exists in the pthreads failed with the following output:
Change Dir: /home/legged/Legged/catkin_ws/build/CMakeFiles/CMakeTmp

Run Build Command:/usr/bin/make "cmTryCompileExec4035372929/fast"
/usr/bin/make -f CMakeFiles/cmTryCompileExec4035372929.dir/build.make CMakeFiles/cmTryCompileExec4035372929.dir/build
make[1]: Entering directory `/home/legged/Legged/catkin_ws/build/CMakeFiles/CMakeTmp'
/usr/bin/cmake -E cmake_progress_report /home/legged/Legged/catkin_ws/build/CMakeFiles/CMakeTmp/CMakeFiles 1
Building C object CMakeFiles/cmTryCompileExec4035372929.dir/CheckFunctionExists.c.o
/usr/bin/cc   -DCHECK_FUNCTION_EXISTS=pthread_create   -o CMakeFiles/cmTryCompileExec4035372929.dir/CheckFunctionExists.c.o   -c /usr/share/cmake-2.8/Modules/CheckFunctionExists.c
Linking C executable cmTryCompileExec4035372929
/usr/bin/cmake -E cmake_link_script CMakeFiles/cmTryCompileExec4035372929.dir/link.txt --verbose=1
/usr/bin/cc   -DCHECK_FUNCTION_EXISTS=pthread_create    CMakeFiles/cmTryCompileExec4035372929.dir/CheckFunctionExists.c.o  -o cmTryCompileExec4035372929 -rdynamic -lpthreads 
/usr/bin/ld: cannot find -lpthreads
collect2: error: ld returned 1 exit status
make[1]: *** [cmTryCompileExec4035372929] Error 1
make[1]: Leaving directory `/home/legged/Legged/catkin_ws/build/CMakeFiles/CMakeTmp'
make: *** [cmTryCompileExec4035372929/fast] Error 2


